<?xml version="1.0" encoding="UTF-8"?>
<!-- Generated by org.testng.reporters.JUnitXMLReporter -->
<testsuite ignored="0" hostname="DESKTOP-3GINJH4" failures="1" tests="1" name="Test" time="0.167" errors="0" timestamp="2022-11-17T03:15:59 EST">
  <testcase classname="testcases.InputPageTest" name="inputPagetestCase" time="0.0">
    <failure type="org.testng.TestNGException" message="
Cannot inject @Test annotated Method [inputPagetestCase] with [interface org.openqa.selenium.WebDriver].
For more information on native dependency injection please refer to https://testng.org/doc/documentation-main.html#native-dependency-injection">
      <![CDATA[org.testng.TestNGException: 
Cannot inject @Test annotated Method [inputPagetestCase] with [interface org.openqa.selenium.WebDriver].
For more information on native dependency injection please refer to https://testng.org/doc/documentation-main.html#native-dependency-injection
at java.base/java.util.ArrayList.forEach(ArrayList.java:1541)
... Removed 26 stack frames]]>
    </failure>
  </testcase> <!-- inputPagetestCase -->
</testsuite> <!-- Test -->
