<?xml version="1.0" encoding="UTF-8"?>
<testng-results ignored="0" total="1" passed="1" failed="0" skipped="0">
  <reporter-output>
  </reporter-output>
  <suite started-at="2022-11-20T10:46:37 EST" name="Default suite" finished-at="2022-11-20T10:46:46 EST" duration-ms="8394">
    <groups>
    </groups>
    <test started-at="2022-11-20T10:46:37 EST" name="Default test" finished-at="2022-11-20T10:46:46 EST" duration-ms="8394">
      <class name="baseClass.TestCase02">
        <test-method is-config="true" signature="openBrowser()[pri:0, instance:baseClass.TestCase02@7ae0a9ec]" started-at="2022-11-20T10:46:37 EST" name="openBrowser" finished-at="2022-11-20T10:46:44 EST" duration-ms="6678" status="PASS">
          <reporter-output>
          </reporter-output>
        </test-method> <!-- openBrowser -->
        <test-method signature="testcaseButtons()[pri:0, instance:baseClass.TestCase02@7ae0a9ec]" started-at="2022-11-20T10:46:44 EST" name="testcaseButtons" finished-at="2022-11-20T10:46:46 EST" duration-ms="1614" status="PASS">
          <reporter-output>
          </reporter-output>
        </test-method> <!-- testcaseButtons -->
      </class> <!-- baseClass.TestCase02 -->
    </test> <!-- Default test -->
  </suite> <!-- Default suite -->
</testng-results>
